[2025-04-13 11:11:07] Starting Weather data collection...
[2025-04-13 11:11:07] Fetching weather data for {2020..2025}-01-01 to {2020..2025}-12-31
[2025-04-13 11:11:07] ERROR: Weather data command failed with exit code 0
[2025-04-13 11:11:12] Starting TLC Taxi data collection...
[2025-04-13 11:11:12] Fetching TLC taxi data for {2020..2023}-{1..12}
[2025-04-13 11:11:13] ERROR: TLC data for {2020..2023}-{1..12} command failed with exit code 0
[2025-04-13 11:11:18] Attempting to fetch 2024 TLC data (may require dataset ID updates)...
[2025-04-13 11:11:18] WARNING: 2024-{1..3} TLC data might not be available or needs dataset ID update
[2025-04-13 11:11:51] Starting Weather data collection...
[2025-04-13 11:11:51] Fetching weather data for {2020..2025}-01-01 to {2020..2025}-12-31
[2025-04-13 11:11:51] ERROR: Weather data command failed with exit code 0
[2025-04-13 11:11:56] Starting TLC Taxi data collection...
[2025-04-13 11:11:56] Fetching TLC taxi data for {2020..2023}-{1..12}
[2025-04-13 11:11:57] ERROR: TLC data for {2020..2023}-{1..12} command failed with exit code 0
[2025-04-13 11:12:02] Attempting to fetch 2024 TLC data (may require dataset ID updates)...
[2025-04-13 11:12:02] WARNING: 2024-{1..3} TLC data might not be available or needs dataset ID update
[2025-04-13 11:12:07] Starting 311 Service Request data collection...
[2025-04-13 11:12:07] Fetching 311 data for {2020..2025}--01 to {2020..2025}-12-31
[2025-04-13 11:12:07] ERROR: 311 data for {2020..2025}--01 to {2020..2025}-12-31 command failed with exit code 0
[2025-04-13 11:12:17] Starting MTA Subway data collection...
[2025-04-13 11:12:17] Fetching MTA data for {2020..2025}-00-01 to {2020..2025}-00-31
[2025-04-13 11:12:17] ERROR: MTA data for {2020..2025}-00-01 to {2020..2025}-00-31 command failed with exit code 0
[2025-04-13 11:12:27] Starting NYC Events data collection...
[2025-04-13 11:12:27] Fetching NYC Events data for {2020..2025}--01 to {2020..2025}-12-31
[2025-04-13 11:12:27] ERROR: Events data for {2020..2025}--01 to {2020..2025}-12-31 command failed with exit code 0
